[2026-05-23T16:01:20.483+0000] {manager.py:483} INFO - Processing files using up to 2 processes at a time 
[2026-05-23T16:01:20.483+0000] {manager.py:484} INFO - Process each file at most once every 5 seconds
[2026-05-23T16:01:20.484+0000] {manager.py:485} INFO - Checking for new files in /opt/airflow/dags every 5 seconds
[2026-05-23T16:01:20.485+0000] {manager.py:821} INFO - Searching for files in /opt/airflow/dags
[2026-05-23T16:01:20.486+0000] {manager.py:824} INFO - There are 0 files in /opt/airflow/dags
[2026-05-23T16:01:25.562+0000] {manager.py:821} INFO - Searching for files in /opt/airflow/dags
[2026-05-23T16:01:25.563+0000] {manager.py:824} INFO - There are 0 files in /opt/airflow/dags
[2026-05-23T16:01:30.601+0000] {manager.py:821} INFO - Searching for files in /opt/airflow/dags
[2026-05-23T16:01:30.602+0000] {manager.py:824} INFO - There are 0 files in /opt/airflow/dags
[2026-05-23T16:01:35.641+0000] {manager.py:821} INFO - Searching for files in /opt/airflow/dags
[2026-05-23T16:01:35.642+0000] {manager.py:824} INFO - There are 0 files in /opt/airflow/dags
[2026-05-23T16:01:40.676+0000] {manager.py:821} INFO - Searching for files in /opt/airflow/dags
[2026-05-23T16:01:40.677+0000] {manager.py:824} INFO - There are 0 files in /opt/airflow/dags
[2026-05-23T16:01:45.715+0000] {manager.py:821} INFO - Searching for files in /opt/airflow/dags
[2026-05-23T16:01:45.716+0000] {manager.py:824} INFO - There are 0 files in /opt/airflow/dags
[2026-05-23T16:01:50.758+0000] {manager.py:821} INFO - Searching for files in /opt/airflow/dags
[2026-05-23T16:01:50.759+0000] {manager.py:824} INFO - There are 0 files in /opt/airflow/dags
[2026-05-23T16:01:55.801+0000] {manager.py:821} INFO - Searching for files in /opt/airflow/dags
[2026-05-23T16:01:55.802+0000] {manager.py:824} INFO - There are 0 files in /opt/airflow/dags
[2026-05-23T16:02:00.846+0000] {manager.py:821} INFO - Searching for files in /opt/airflow/dags
[2026-05-23T16:02:00.846+0000] {manager.py:824} INFO - There are 0 files in /opt/airflow/dags
[2026-05-23T16:02:05.884+0000] {manager.py:821} INFO - Searching for files in /opt/airflow/dags
[2026-05-23T16:02:05.885+0000] {manager.py:824} INFO - There are 0 files in /opt/airflow/dags
[2026-05-23T16:02:10.925+0000] {manager.py:821} INFO - Searching for files in /opt/airflow/dags
[2026-05-23T16:02:10.926+0000] {manager.py:824} INFO - There are 0 files in /opt/airflow/dags
[2026-05-23T16:02:15.967+0000] {manager.py:821} INFO - Searching for files in /opt/airflow/dags
[2026-05-23T16:02:15.968+0000] {manager.py:824} INFO - There are 0 files in /opt/airflow/dags
[2026-05-23T16:02:21.009+0000] {manager.py:821} INFO - Searching for files in /opt/airflow/dags
[2026-05-23T16:02:21.011+0000] {manager.py:824} INFO - There are 0 files in /opt/airflow/dags
[2026-05-23T16:02:26.050+0000] {manager.py:821} INFO - Searching for files in /opt/airflow/dags
[2026-05-23T16:02:26.051+0000] {manager.py:824} INFO - There are 0 files in /opt/airflow/dags
[2026-05-23T16:02:31.092+0000] {manager.py:821} INFO - Searching for files in /opt/airflow/dags
[2026-05-23T16:02:31.093+0000] {manager.py:824} INFO - There are 0 files in /opt/airflow/dags
[2026-05-23T16:02:36.136+0000] {manager.py:821} INFO - Searching for files in /opt/airflow/dags
[2026-05-23T16:02:36.137+0000] {manager.py:824} INFO - There are 0 files in /opt/airflow/dags
[2026-05-23T16:02:41.172+0000] {manager.py:821} INFO - Searching for files in /opt/airflow/dags
[2026-05-23T16:02:41.173+0000] {manager.py:824} INFO - There are 0 files in /opt/airflow/dags
[2026-05-23T16:02:46.210+0000] {manager.py:821} INFO - Searching for files in /opt/airflow/dags
[2026-05-23T16:02:46.211+0000] {manager.py:824} INFO - There are 0 files in /opt/airflow/dags
[2026-05-23T16:02:51.253+0000] {manager.py:821} INFO - Searching for files in /opt/airflow/dags
[2026-05-23T16:02:51.255+0000] {manager.py:824} INFO - There are 0 files in /opt/airflow/dags
[2026-05-23T16:02:56.293+0000] {manager.py:821} INFO - Searching for files in /opt/airflow/dags
[2026-05-23T16:02:56.294+0000] {manager.py:824} INFO - There are 0 files in /opt/airflow/dags
[2026-05-23T16:03:01.335+0000] {manager.py:821} INFO - Searching for files in /opt/airflow/dags
[2026-05-23T16:03:01.336+0000] {manager.py:824} INFO - There are 0 files in /opt/airflow/dags
[2026-05-23T16:03:06.379+0000] {manager.py:821} INFO - Searching for files in /opt/airflow/dags
[2026-05-23T16:03:06.380+0000] {manager.py:824} INFO - There are 0 files in /opt/airflow/dags
[2026-05-23T16:03:11.415+0000] {manager.py:821} INFO - Searching for files in /opt/airflow/dags
[2026-05-23T16:03:11.416+0000] {manager.py:824} INFO - There are 0 files in /opt/airflow/dags
[2026-05-23T16:03:16.459+0000] {manager.py:821} INFO - Searching for files in /opt/airflow/dags
[2026-05-23T16:03:16.461+0000] {manager.py:824} INFO - There are 0 files in /opt/airflow/dags
[2026-05-23T16:03:21.514+0000] {manager.py:821} INFO - Searching for files in /opt/airflow/dags
[2026-05-23T16:03:21.515+0000] {manager.py:824} INFO - There are 0 files in /opt/airflow/dags
[2026-05-23T16:03:26.554+0000] {manager.py:821} INFO - Searching for files in /opt/airflow/dags
[2026-05-23T16:03:26.555+0000] {manager.py:824} INFO - There are 0 files in /opt/airflow/dags
[2026-05-23T16:03:31.604+0000] {manager.py:821} INFO - Searching for files in /opt/airflow/dags
[2026-05-23T16:03:31.605+0000] {manager.py:824} INFO - There are 0 files in /opt/airflow/dags
[2026-05-23T16:03:36.643+0000] {manager.py:821} INFO - Searching for files in /opt/airflow/dags
[2026-05-23T16:03:36.645+0000] {manager.py:824} INFO - There are 0 files in /opt/airflow/dags
[2026-05-23T16:03:41.689+0000] {manager.py:821} INFO - Searching for files in /opt/airflow/dags
[2026-05-23T16:03:41.690+0000] {manager.py:824} INFO - There are 0 files in /opt/airflow/dags
[2026-05-23T16:03:46.733+0000] {manager.py:821} INFO - Searching for files in /opt/airflow/dags
[2026-05-23T16:03:46.734+0000] {manager.py:824} INFO - There are 0 files in /opt/airflow/dags
[2026-05-23T16:03:51.772+0000] {manager.py:821} INFO - Searching for files in /opt/airflow/dags
[2026-05-23T16:03:51.774+0000] {manager.py:824} INFO - There are 0 files in /opt/airflow/dags
[2026-05-23T16:03:56.816+0000] {manager.py:821} INFO - Searching for files in /opt/airflow/dags
[2026-05-23T16:03:56.817+0000] {manager.py:824} INFO - There are 0 files in /opt/airflow/dags
[2026-05-23T16:04:01.852+0000] {manager.py:821} INFO - Searching for files in /opt/airflow/dags
[2026-05-23T16:04:01.852+0000] {manager.py:824} INFO - There are 0 files in /opt/airflow/dags
[2026-05-23T16:04:06.900+0000] {manager.py:821} INFO - Searching for files in /opt/airflow/dags
[2026-05-23T16:04:06.900+0000] {manager.py:824} INFO - There are 0 files in /opt/airflow/dags
[2026-05-23T16:04:11.935+0000] {manager.py:821} INFO - Searching for files in /opt/airflow/dags
[2026-05-23T16:04:11.936+0000] {manager.py:824} INFO - There are 0 files in /opt/airflow/dags
[2026-05-23T16:04:16.975+0000] {manager.py:821} INFO - Searching for files in /opt/airflow/dags
[2026-05-23T16:04:16.976+0000] {manager.py:824} INFO - There are 0 files in /opt/airflow/dags
[2026-05-23T16:04:22.017+0000] {manager.py:821} INFO - Searching for files in /opt/airflow/dags
[2026-05-23T16:04:22.018+0000] {manager.py:824} INFO - There are 0 files in /opt/airflow/dags
[2026-05-23T16:04:27.056+0000] {manager.py:821} INFO - Searching for files in /opt/airflow/dags
[2026-05-23T16:04:27.056+0000] {manager.py:824} INFO - There are 0 files in /opt/airflow/dags
[2026-05-23T16:04:32.094+0000] {manager.py:821} INFO - Searching for files in /opt/airflow/dags
[2026-05-23T16:04:32.094+0000] {manager.py:824} INFO - There are 0 files in /opt/airflow/dags
[2026-05-23T16:04:37.133+0000] {manager.py:821} INFO - Searching for files in /opt/airflow/dags
[2026-05-23T16:04:37.134+0000] {manager.py:824} INFO - There are 0 files in /opt/airflow/dags
[2026-05-23T16:04:42.171+0000] {manager.py:821} INFO - Searching for files in /opt/airflow/dags
[2026-05-23T16:04:42.173+0000] {manager.py:824} INFO - There are 0 files in /opt/airflow/dags
[2026-05-23T16:04:47.209+0000] {manager.py:821} INFO - Searching for files in /opt/airflow/dags
[2026-05-23T16:04:47.210+0000] {manager.py:824} INFO - There are 0 files in /opt/airflow/dags
[2026-05-23T16:04:52.251+0000] {manager.py:821} INFO - Searching for files in /opt/airflow/dags
[2026-05-23T16:04:52.252+0000] {manager.py:824} INFO - There are 0 files in /opt/airflow/dags
[2026-05-23T16:04:57.294+0000] {manager.py:821} INFO - Searching for files in /opt/airflow/dags
[2026-05-23T16:04:57.295+0000] {manager.py:824} INFO - There are 0 files in /opt/airflow/dags
[2026-05-23T16:05:02.334+0000] {manager.py:821} INFO - Searching for files in /opt/airflow/dags
[2026-05-23T16:05:02.335+0000] {manager.py:824} INFO - There are 0 files in /opt/airflow/dags
[2026-05-23T16:05:07.381+0000] {manager.py:821} INFO - Searching for files in /opt/airflow/dags
[2026-05-23T16:05:07.382+0000] {manager.py:824} INFO - There are 0 files in /opt/airflow/dags
[2026-05-23T16:05:12.423+0000] {manager.py:821} INFO - Searching for files in /opt/airflow/dags
[2026-05-23T16:05:12.424+0000] {manager.py:824} INFO - There are 0 files in /opt/airflow/dags
[2026-05-23T16:05:17.465+0000] {manager.py:821} INFO - Searching for files in /opt/airflow/dags
[2026-05-23T16:05:17.466+0000] {manager.py:824} INFO - There are 0 files in /opt/airflow/dags
[2026-05-23T16:05:22.511+0000] {manager.py:821} INFO - Searching for files in /opt/airflow/dags
[2026-05-23T16:05:22.512+0000] {manager.py:824} INFO - There are 0 files in /opt/airflow/dags
[2026-05-23T16:05:27.551+0000] {manager.py:821} INFO - Searching for files in /opt/airflow/dags
[2026-05-23T16:05:27.552+0000] {manager.py:824} INFO - There are 0 files in /opt/airflow/dags
[2026-05-23T16:05:32.600+0000] {manager.py:821} INFO - Searching for files in /opt/airflow/dags
[2026-05-23T16:05:32.601+0000] {manager.py:824} INFO - There are 0 files in /opt/airflow/dags
[2026-05-23T16:05:37.656+0000] {manager.py:821} INFO - Searching for files in /opt/airflow/dags
[2026-05-23T16:05:37.657+0000] {manager.py:824} INFO - There are 0 files in /opt/airflow/dags
[2026-05-23T16:05:42.711+0000] {manager.py:821} INFO - Searching for files in /opt/airflow/dags
[2026-05-23T16:05:42.713+0000] {manager.py:824} INFO - There are 0 files in /opt/airflow/dags
[2026-05-23T16:05:47.763+0000] {manager.py:821} INFO - Searching for files in /opt/airflow/dags
[2026-05-23T16:05:47.766+0000] {manager.py:824} INFO - There are 0 files in /opt/airflow/dags
[2026-05-23T16:05:52.814+0000] {manager.py:821} INFO - Searching for files in /opt/airflow/dags
[2026-05-23T16:05:52.815+0000] {manager.py:824} INFO - There are 0 files in /opt/airflow/dags
[2026-05-23T16:05:57.867+0000] {manager.py:821} INFO - Searching for files in /opt/airflow/dags
[2026-05-23T16:05:57.868+0000] {manager.py:824} INFO - There are 0 files in /opt/airflow/dags
[2026-05-23T16:06:02.918+0000] {manager.py:821} INFO - Searching for files in /opt/airflow/dags
[2026-05-23T16:06:02.920+0000] {manager.py:824} INFO - There are 0 files in /opt/airflow/dags
[2026-05-23T16:06:07.976+0000] {manager.py:821} INFO - Searching for files in /opt/airflow/dags
[2026-05-23T16:06:07.977+0000] {manager.py:824} INFO - There are 0 files in /opt/airflow/dags
[2026-05-23T16:06:13.025+0000] {manager.py:821} INFO - Searching for files in /opt/airflow/dags
[2026-05-23T16:06:13.026+0000] {manager.py:824} INFO - There are 0 files in /opt/airflow/dags
[2026-05-23T16:06:18.070+0000] {manager.py:821} INFO - Searching for files in /opt/airflow/dags
[2026-05-23T16:06:18.071+0000] {manager.py:824} INFO - There are 0 files in /opt/airflow/dags
[2026-05-23T16:06:23.123+0000] {manager.py:821} INFO - Searching for files in /opt/airflow/dags
[2026-05-23T16:06:23.124+0000] {manager.py:824} INFO - There are 0 files in /opt/airflow/dags
[2026-05-23T16:06:28.170+0000] {manager.py:821} INFO - Searching for files in /opt/airflow/dags
[2026-05-23T16:06:28.172+0000] {manager.py:824} INFO - There are 0 files in /opt/airflow/dags
[2026-05-23T16:06:33.227+0000] {manager.py:821} INFO - Searching for files in /opt/airflow/dags
[2026-05-23T16:06:33.228+0000] {manager.py:824} INFO - There are 0 files in /opt/airflow/dags
[2026-05-23T16:06:38.281+0000] {manager.py:821} INFO - Searching for files in /opt/airflow/dags
[2026-05-23T16:06:38.282+0000] {manager.py:824} INFO - There are 0 files in /opt/airflow/dags
[2026-05-23T16:06:43.329+0000] {manager.py:821} INFO - Searching for files in /opt/airflow/dags
[2026-05-23T16:06:43.331+0000] {manager.py:824} INFO - There are 0 files in /opt/airflow/dags
[2026-05-23T16:06:48.375+0000] {manager.py:821} INFO - Searching for files in /opt/airflow/dags
[2026-05-23T16:06:48.377+0000] {manager.py:824} INFO - There are 0 files in /opt/airflow/dags
[2026-05-23T16:06:53.435+0000] {manager.py:821} INFO - Searching for files in /opt/airflow/dags
[2026-05-23T16:06:53.437+0000] {manager.py:824} INFO - There are 0 files in /opt/airflow/dags
[2026-05-23T16:06:58.486+0000] {manager.py:821} INFO - Searching for files in /opt/airflow/dags
[2026-05-23T16:06:58.487+0000] {manager.py:824} INFO - There are 0 files in /opt/airflow/dags
[2026-05-23T16:07:03.526+0000] {manager.py:821} INFO - Searching for files in /opt/airflow/dags
[2026-05-23T16:07:03.527+0000] {manager.py:824} INFO - There are 0 files in /opt/airflow/dags
[2026-05-23T16:07:08.567+0000] {manager.py:821} INFO - Searching for files in /opt/airflow/dags
[2026-05-23T16:07:08.568+0000] {manager.py:824} INFO - There are 0 files in /opt/airflow/dags
[2026-05-23T16:07:13.607+0000] {manager.py:821} INFO - Searching for files in /opt/airflow/dags
[2026-05-23T16:07:13.608+0000] {manager.py:824} INFO - There are 0 files in /opt/airflow/dags
[2026-05-23T16:07:18.650+0000] {manager.py:821} INFO - Searching for files in /opt/airflow/dags
[2026-05-23T16:07:18.651+0000] {manager.py:824} INFO - There are 0 files in /opt/airflow/dags
[2026-05-23T16:07:23.690+0000] {manager.py:821} INFO - Searching for files in /opt/airflow/dags
[2026-05-23T16:07:23.691+0000] {manager.py:824} INFO - There are 0 files in /opt/airflow/dags
[2026-05-23T16:07:28.725+0000] {manager.py:821} INFO - Searching for files in /opt/airflow/dags
[2026-05-23T16:07:28.726+0000] {manager.py:824} INFO - There are 0 files in /opt/airflow/dags
[2026-05-23T16:07:33.763+0000] {manager.py:821} INFO - Searching for files in /opt/airflow/dags
[2026-05-23T16:07:33.764+0000] {manager.py:824} INFO - There are 0 files in /opt/airflow/dags
[2026-05-23T16:07:38.804+0000] {manager.py:821} INFO - Searching for files in /opt/airflow/dags
[2026-05-23T16:07:38.804+0000] {manager.py:824} INFO - There are 0 files in /opt/airflow/dags
[2026-05-23T16:07:43.845+0000] {manager.py:821} INFO - Searching for files in /opt/airflow/dags
[2026-05-23T16:07:43.846+0000] {manager.py:824} INFO - There are 0 files in /opt/airflow/dags
[2026-05-23T16:07:48.883+0000] {manager.py:821} INFO - Searching for files in /opt/airflow/dags
[2026-05-23T16:07:48.884+0000] {manager.py:824} INFO - There are 0 files in /opt/airflow/dags
[2026-05-23T16:07:53.925+0000] {manager.py:821} INFO - Searching for files in /opt/airflow/dags
[2026-05-23T16:07:53.926+0000] {manager.py:824} INFO - There are 0 files in /opt/airflow/dags
[2026-05-23T16:07:58.968+0000] {manager.py:821} INFO - Searching for files in /opt/airflow/dags
[2026-05-23T16:07:58.969+0000] {manager.py:824} INFO - There are 0 files in /opt/airflow/dags
[2026-05-23T16:08:04.011+0000] {manager.py:821} INFO - Searching for files in /opt/airflow/dags
[2026-05-23T16:08:04.012+0000] {manager.py:824} INFO - There are 0 files in /opt/airflow/dags
[2026-05-23T16:08:09.048+0000] {manager.py:821} INFO - Searching for files in /opt/airflow/dags
[2026-05-23T16:08:09.050+0000] {manager.py:824} INFO - There are 0 files in /opt/airflow/dags
[2026-05-23T16:08:14.094+0000] {manager.py:821} INFO - Searching for files in /opt/airflow/dags
[2026-05-23T16:08:14.095+0000] {manager.py:824} INFO - There are 0 files in /opt/airflow/dags
[2026-05-23T16:08:19.136+0000] {manager.py:821} INFO - Searching for files in /opt/airflow/dags
[2026-05-23T16:08:19.137+0000] {manager.py:824} INFO - There are 0 files in /opt/airflow/dags
[2026-05-23T16:08:24.181+0000] {manager.py:821} INFO - Searching for files in /opt/airflow/dags
[2026-05-23T16:08:24.181+0000] {manager.py:824} INFO - There are 0 files in /opt/airflow/dags
[2026-05-23T16:08:29.225+0000] {manager.py:821} INFO - Searching for files in /opt/airflow/dags
[2026-05-23T16:08:29.226+0000] {manager.py:824} INFO - There are 0 files in /opt/airflow/dags
[2026-05-23T16:08:34.270+0000] {manager.py:821} INFO - Searching for files in /opt/airflow/dags
[2026-05-23T16:08:34.271+0000] {manager.py:824} INFO - There are 0 files in /opt/airflow/dags
[2026-05-23T16:08:39.304+0000] {manager.py:821} INFO - Searching for files in /opt/airflow/dags
[2026-05-23T16:08:39.306+0000] {manager.py:824} INFO - There are 0 files in /opt/airflow/dags
[2026-05-23T16:08:44.341+0000] {manager.py:821} INFO - Searching for files in /opt/airflow/dags
[2026-05-23T16:08:44.341+0000] {manager.py:824} INFO - There are 0 files in /opt/airflow/dags
[2026-05-23T16:08:49.383+0000] {manager.py:821} INFO - Searching for files in /opt/airflow/dags
[2026-05-23T16:08:49.384+0000] {manager.py:824} INFO - There are 0 files in /opt/airflow/dags
[2026-05-23T16:08:54.431+0000] {manager.py:821} INFO - Searching for files in /opt/airflow/dags
[2026-05-23T16:08:54.432+0000] {manager.py:824} INFO - There are 0 files in /opt/airflow/dags
[2026-05-23T16:08:59.477+0000] {manager.py:821} INFO - Searching for files in /opt/airflow/dags
[2026-05-23T16:08:59.478+0000] {manager.py:824} INFO - There are 0 files in /opt/airflow/dags
[2026-05-23T16:09:04.526+0000] {manager.py:821} INFO - Searching for files in /opt/airflow/dags
[2026-05-23T16:09:04.527+0000] {manager.py:824} INFO - There are 0 files in /opt/airflow/dags
[2026-05-23T16:09:09.567+0000] {manager.py:821} INFO - Searching for files in /opt/airflow/dags
[2026-05-23T16:09:09.568+0000] {manager.py:824} INFO - There are 0 files in /opt/airflow/dags
[2026-05-23T16:09:14.604+0000] {manager.py:821} INFO - Searching for files in /opt/airflow/dags
[2026-05-23T16:09:14.606+0000] {manager.py:824} INFO - There are 0 files in /opt/airflow/dags
[2026-05-23T16:09:19.648+0000] {manager.py:821} INFO - Searching for files in /opt/airflow/dags
[2026-05-23T16:09:19.649+0000] {manager.py:824} INFO - There are 0 files in /opt/airflow/dags
[2026-05-23T16:09:24.691+0000] {manager.py:821} INFO - Searching for files in /opt/airflow/dags
[2026-05-23T16:09:24.691+0000] {manager.py:824} INFO - There are 0 files in /opt/airflow/dags
[2026-05-23T16:09:29.733+0000] {manager.py:821} INFO - Searching for files in /opt/airflow/dags
[2026-05-23T16:09:29.733+0000] {manager.py:824} INFO - There are 0 files in /opt/airflow/dags
[2026-05-23T16:09:34.775+0000] {manager.py:821} INFO - Searching for files in /opt/airflow/dags
[2026-05-23T16:09:34.776+0000] {manager.py:824} INFO - There are 0 files in /opt/airflow/dags
[2026-05-23T16:09:39.815+0000] {manager.py:821} INFO - Searching for files in /opt/airflow/dags
[2026-05-23T16:09:39.816+0000] {manager.py:824} INFO - There are 0 files in /opt/airflow/dags
[2026-05-23T16:09:44.857+0000] {manager.py:821} INFO - Searching for files in /opt/airflow/dags
[2026-05-23T16:09:44.858+0000] {manager.py:824} INFO - There are 0 files in /opt/airflow/dags
[2026-05-23T16:09:49.902+0000] {manager.py:821} INFO - Searching for files in /opt/airflow/dags
[2026-05-23T16:09:49.903+0000] {manager.py:824} INFO - There are 0 files in /opt/airflow/dags
[2026-05-23T16:09:54.955+0000] {manager.py:821} INFO - Searching for files in /opt/airflow/dags
[2026-05-23T16:09:54.955+0000] {manager.py:824} INFO - There are 0 files in /opt/airflow/dags
[2026-05-23T16:10:00.002+0000] {manager.py:821} INFO - Searching for files in /opt/airflow/dags
[2026-05-23T16:10:00.003+0000] {manager.py:824} INFO - There are 0 files in /opt/airflow/dags
[2026-05-23T16:10:05.054+0000] {manager.py:821} INFO - Searching for files in /opt/airflow/dags
[2026-05-23T16:10:05.055+0000] {manager.py:824} INFO - There are 0 files in /opt/airflow/dags
[2026-05-23T16:10:10.104+0000] {manager.py:821} INFO - Searching for files in /opt/airflow/dags
[2026-05-23T16:10:10.105+0000] {manager.py:824} INFO - There are 0 files in /opt/airflow/dags
[2026-05-23T16:10:15.152+0000] {manager.py:821} INFO - Searching for files in /opt/airflow/dags
[2026-05-23T16:10:15.153+0000] {manager.py:824} INFO - There are 0 files in /opt/airflow/dags
[2026-05-23T16:10:20.199+0000] {manager.py:821} INFO - Searching for files in /opt/airflow/dags
[2026-05-23T16:10:20.201+0000] {manager.py:824} INFO - There are 0 files in /opt/airflow/dags
[2026-05-23T16:10:25.249+0000] {manager.py:821} INFO - Searching for files in /opt/airflow/dags
[2026-05-23T16:10:25.250+0000] {manager.py:824} INFO - There are 0 files in /opt/airflow/dags
[2026-05-23T16:10:30.303+0000] {manager.py:821} INFO - Searching for files in /opt/airflow/dags
[2026-05-23T16:10:30.305+0000] {manager.py:824} INFO - There are 0 files in /opt/airflow/dags
[2026-05-23T16:10:35.354+0000] {manager.py:821} INFO - Searching for files in /opt/airflow/dags
[2026-05-23T16:10:35.355+0000] {manager.py:824} INFO - There are 0 files in /opt/airflow/dags
[2026-05-23T16:10:40.410+0000] {manager.py:821} INFO - Searching for files in /opt/airflow/dags
[2026-05-23T16:10:40.412+0000] {manager.py:824} INFO - There are 0 files in /opt/airflow/dags
[2026-05-23T16:10:45.463+0000] {manager.py:821} INFO - Searching for files in /opt/airflow/dags
[2026-05-23T16:10:45.465+0000] {manager.py:824} INFO - There are 0 files in /opt/airflow/dags
[2026-05-23T16:10:50.524+0000] {manager.py:821} INFO - Searching for files in /opt/airflow/dags
[2026-05-23T16:10:50.526+0000] {manager.py:824} INFO - There are 0 files in /opt/airflow/dags
[2026-05-23T16:10:55.576+0000] {manager.py:821} INFO - Searching for files in /opt/airflow/dags
[2026-05-23T16:10:55.580+0000] {manager.py:824} INFO - There are 0 files in /opt/airflow/dags
[2026-05-23T16:11:00.636+0000] {manager.py:821} INFO - Searching for files in /opt/airflow/dags
[2026-05-23T16:11:00.639+0000] {manager.py:824} INFO - There are 0 files in /opt/airflow/dags
[2026-05-23T16:11:05.688+0000] {manager.py:821} INFO - Searching for files in /opt/airflow/dags
[2026-05-23T16:11:05.692+0000] {manager.py:824} INFO - There are 0 files in /opt/airflow/dags
[2026-05-23T16:11:10.743+0000] {manager.py:821} INFO - Searching for files in /opt/airflow/dags
[2026-05-23T16:11:10.746+0000] {manager.py:824} INFO - There are 0 files in /opt/airflow/dags
[2026-05-23T16:11:15.798+0000] {manager.py:821} INFO - Searching for files in /opt/airflow/dags
[2026-05-23T16:11:15.802+0000] {manager.py:824} INFO - There are 0 files in /opt/airflow/dags
[2026-05-23T16:11:20.853+0000] {manager.py:821} INFO - Searching for files in /opt/airflow/dags
[2026-05-23T16:11:20.855+0000] {manager.py:824} INFO - There are 0 files in /opt/airflow/dags
[2026-05-23T16:11:25.903+0000] {manager.py:821} INFO - Searching for files in /opt/airflow/dags
[2026-05-23T16:11:25.905+0000] {manager.py:824} INFO - There are 0 files in /opt/airflow/dags
[2026-05-23T16:11:30.944+0000] {manager.py:821} INFO - Searching for files in /opt/airflow/dags
[2026-05-23T16:11:30.946+0000] {manager.py:824} INFO - There are 0 files in /opt/airflow/dags
[2026-05-23T16:11:35.983+0000] {manager.py:821} INFO - Searching for files in /opt/airflow/dags
[2026-05-23T16:11:35.985+0000] {manager.py:824} INFO - There are 0 files in /opt/airflow/dags
[2026-05-23T16:11:41.023+0000] {manager.py:821} INFO - Searching for files in /opt/airflow/dags
[2026-05-23T16:11:41.024+0000] {manager.py:824} INFO - There are 0 files in /opt/airflow/dags
[2026-05-23T16:11:46.064+0000] {manager.py:821} INFO - Searching for files in /opt/airflow/dags
[2026-05-23T16:11:46.065+0000] {manager.py:824} INFO - There are 0 files in /opt/airflow/dags
[2026-05-23T16:11:51.108+0000] {manager.py:821} INFO - Searching for files in /opt/airflow/dags
[2026-05-23T16:11:51.110+0000] {manager.py:824} INFO - There are 0 files in /opt/airflow/dags
[2026-05-23T16:11:56.154+0000] {manager.py:821} INFO - Searching for files in /opt/airflow/dags
[2026-05-23T16:11:56.155+0000] {manager.py:824} INFO - There are 0 files in /opt/airflow/dags
[2026-05-23T16:12:01.195+0000] {manager.py:821} INFO - Searching for files in /opt/airflow/dags
[2026-05-23T16:12:01.196+0000] {manager.py:824} INFO - There are 0 files in /opt/airflow/dags
[2026-05-23T16:12:06.234+0000] {manager.py:821} INFO - Searching for files in /opt/airflow/dags
[2026-05-23T16:12:06.235+0000] {manager.py:824} INFO - There are 0 files in /opt/airflow/dags
[2026-05-23T16:12:11.269+0000] {manager.py:821} INFO - Searching for files in /opt/airflow/dags
[2026-05-23T16:12:11.270+0000] {manager.py:824} INFO - There are 0 files in /opt/airflow/dags
[2026-05-23T16:12:16.307+0000] {manager.py:821} INFO - Searching for files in /opt/airflow/dags
[2026-05-23T16:12:16.308+0000] {manager.py:824} INFO - There are 0 files in /opt/airflow/dags
[2026-05-23T16:12:21.347+0000] {manager.py:821} INFO - Searching for files in /opt/airflow/dags
[2026-05-23T16:12:21.348+0000] {manager.py:824} INFO - There are 0 files in /opt/airflow/dags
[2026-05-23T16:12:26.391+0000] {manager.py:821} INFO - Searching for files in /opt/airflow/dags
[2026-05-23T16:12:26.393+0000] {manager.py:824} INFO - There are 0 files in /opt/airflow/dags
[2026-05-23T16:12:31.433+0000] {manager.py:821} INFO - Searching for files in /opt/airflow/dags
[2026-05-23T16:12:31.435+0000] {manager.py:824} INFO - There are 0 files in /opt/airflow/dags
[2026-05-23T16:12:36.472+0000] {manager.py:821} INFO - Searching for files in /opt/airflow/dags
[2026-05-23T16:12:36.474+0000] {manager.py:824} INFO - There are 0 files in /opt/airflow/dags
[2026-05-23T16:12:41.506+0000] {manager.py:821} INFO - Searching for files in /opt/airflow/dags
[2026-05-23T16:12:41.508+0000] {manager.py:824} INFO - There are 0 files in /opt/airflow/dags
[2026-05-23T16:12:46.548+0000] {manager.py:821} INFO - Searching for files in /opt/airflow/dags
[2026-05-23T16:12:46.549+0000] {manager.py:824} INFO - There are 0 files in /opt/airflow/dags
[2026-05-23T16:12:51.588+0000] {manager.py:821} INFO - Searching for files in /opt/airflow/dags
[2026-05-23T16:12:51.590+0000] {manager.py:824} INFO - There are 0 files in /opt/airflow/dags
[2026-05-23T16:12:56.629+0000] {manager.py:821} INFO - Searching for files in /opt/airflow/dags
[2026-05-23T16:12:56.631+0000] {manager.py:824} INFO - There are 0 files in /opt/airflow/dags
[2026-05-23T16:13:01.667+0000] {manager.py:821} INFO - Searching for files in /opt/airflow/dags
[2026-05-23T16:13:01.670+0000] {manager.py:824} INFO - There are 0 files in /opt/airflow/dags
[2026-05-23T16:13:06.709+0000] {manager.py:821} INFO - Searching for files in /opt/airflow/dags
[2026-05-23T16:13:06.711+0000] {manager.py:824} INFO - There are 0 files in /opt/airflow/dags
[2026-05-23T16:13:11.751+0000] {manager.py:821} INFO - Searching for files in /opt/airflow/dags
[2026-05-23T16:13:11.753+0000] {manager.py:824} INFO - There are 0 files in /opt/airflow/dags
[2026-05-23T16:13:16.796+0000] {manager.py:821} INFO - Searching for files in /opt/airflow/dags
[2026-05-23T16:13:16.798+0000] {manager.py:824} INFO - There are 0 files in /opt/airflow/dags
[2026-05-23T16:13:21.838+0000] {manager.py:821} INFO - Searching for files in /opt/airflow/dags
[2026-05-23T16:13:21.840+0000] {manager.py:824} INFO - There are 0 files in /opt/airflow/dags
[2026-05-23T16:13:26.889+0000] {manager.py:821} INFO - Searching for files in /opt/airflow/dags
[2026-05-23T16:13:26.890+0000] {manager.py:824} INFO - There are 0 files in /opt/airflow/dags
[2026-05-23T16:13:31.929+0000] {manager.py:821} INFO - Searching for files in /opt/airflow/dags
[2026-05-23T16:13:31.930+0000] {manager.py:824} INFO - There are 0 files in /opt/airflow/dags
[2026-05-23T16:13:36.966+0000] {manager.py:821} INFO - Searching for files in /opt/airflow/dags
[2026-05-23T16:13:36.967+0000] {manager.py:824} INFO - There are 0 files in /opt/airflow/dags
[2026-05-23T16:13:42.011+0000] {manager.py:821} INFO - Searching for files in /opt/airflow/dags
[2026-05-23T16:13:42.014+0000] {manager.py:824} INFO - There are 0 files in /opt/airflow/dags
[2026-05-23T16:13:47.068+0000] {manager.py:821} INFO - Searching for files in /opt/airflow/dags
[2026-05-23T16:13:47.072+0000] {manager.py:824} INFO - There are 0 files in /opt/airflow/dags
[2026-05-23T16:13:52.116+0000] {manager.py:821} INFO - Searching for files in /opt/airflow/dags
[2026-05-23T16:13:52.118+0000] {manager.py:824} INFO - There are 0 files in /opt/airflow/dags
[2026-05-23T16:13:57.162+0000] {manager.py:821} INFO - Searching for files in /opt/airflow/dags
[2026-05-23T16:13:57.164+0000] {manager.py:824} INFO - There are 0 files in /opt/airflow/dags
[2026-05-23T16:14:02.203+0000] {manager.py:821} INFO - Searching for files in /opt/airflow/dags
[2026-05-23T16:14:02.204+0000] {manager.py:824} INFO - There are 0 files in /opt/airflow/dags
[2026-05-23T16:14:07.244+0000] {manager.py:821} INFO - Searching for files in /opt/airflow/dags
[2026-05-23T16:14:07.245+0000] {manager.py:824} INFO - There are 0 files in /opt/airflow/dags
[2026-05-23T16:14:12.282+0000] {manager.py:821} INFO - Searching for files in /opt/airflow/dags
[2026-05-23T16:14:12.284+0000] {manager.py:824} INFO - There are 0 files in /opt/airflow/dags
[2026-05-23T16:14:17.327+0000] {manager.py:821} INFO - Searching for files in /opt/airflow/dags
[2026-05-23T16:14:17.329+0000] {manager.py:824} INFO - There are 0 files in /opt/airflow/dags
[2026-05-23T16:14:22.370+0000] {manager.py:821} INFO - Searching for files in /opt/airflow/dags
[2026-05-23T16:14:22.372+0000] {manager.py:824} INFO - There are 0 files in /opt/airflow/dags
[2026-05-23T16:14:27.430+0000] {manager.py:821} INFO - Searching for files in /opt/airflow/dags
[2026-05-23T16:14:27.433+0000] {manager.py:824} INFO - There are 0 files in /opt/airflow/dags
[2026-05-23T16:14:32.483+0000] {manager.py:821} INFO - Searching for files in /opt/airflow/dags
[2026-05-23T16:14:32.485+0000] {manager.py:824} INFO - There are 0 files in /opt/airflow/dags
[2026-05-23T16:14:37.535+0000] {manager.py:821} INFO - Searching for files in /opt/airflow/dags
[2026-05-23T16:14:37.537+0000] {manager.py:824} INFO - There are 0 files in /opt/airflow/dags
[2026-05-23T16:14:42.578+0000] {manager.py:821} INFO - Searching for files in /opt/airflow/dags
[2026-05-23T16:14:42.579+0000] {manager.py:824} INFO - There are 0 files in /opt/airflow/dags
[2026-05-23T16:14:47.615+0000] {manager.py:821} INFO - Searching for files in /opt/airflow/dags
[2026-05-23T16:14:47.617+0000] {manager.py:824} INFO - There are 0 files in /opt/airflow/dags
[2026-05-23T16:14:52.661+0000] {manager.py:821} INFO - Searching for files in /opt/airflow/dags
[2026-05-23T16:14:52.663+0000] {manager.py:824} INFO - There are 0 files in /opt/airflow/dags
[2026-05-23T16:14:57.708+0000] {manager.py:821} INFO - Searching for files in /opt/airflow/dags
[2026-05-23T16:14:57.710+0000] {manager.py:824} INFO - There are 0 files in /opt/airflow/dags
[2026-05-23T16:15:02.750+0000] {manager.py:821} INFO - Searching for files in /opt/airflow/dags
[2026-05-23T16:15:02.752+0000] {manager.py:824} INFO - There are 0 files in /opt/airflow/dags
[2026-05-23T16:15:07.797+0000] {manager.py:821} INFO - Searching for files in /opt/airflow/dags
[2026-05-23T16:15:07.799+0000] {manager.py:824} INFO - There are 0 files in /opt/airflow/dags
[2026-05-23T16:15:12.844+0000] {manager.py:821} INFO - Searching for files in /opt/airflow/dags
[2026-05-23T16:15:12.846+0000] {manager.py:824} INFO - There are 0 files in /opt/airflow/dags
