[2026-05-26T02:51:00.225+0000] {local_task_job_runner.py:123} INFO - ::group::Pre task execution logs
[2026-05-26T02:51:00.256+0000] {taskinstance.py:2614} INFO - Dependencies all met for dep_context=non-requeueable deps ti=<TaskInstance: fuel_daily_pipeline.load_raw manual__2026-05-26T02:50:57.897486+00:00 [queued]>
[2026-05-26T02:51:00.270+0000] {taskinstance.py:2614} INFO - Dependencies all met for dep_context=requeueable deps ti=<TaskInstance: fuel_daily_pipeline.load_raw manual__2026-05-26T02:50:57.897486+00:00 [queued]>
[2026-05-26T02:51:00.271+0000] {taskinstance.py:2867} INFO - Starting attempt 1 of 3
[2026-05-26T02:51:00.290+0000] {taskinstance.py:2890} INFO - Executing <Task(PythonOperator): load_raw> on 2026-05-26 02:50:57.897486+00:00
[2026-05-26T02:51:00.305+0000] {standard_task_runner.py:104} INFO - Running: ['***', 'tasks', 'run', 'fuel_daily_pipeline', 'load_raw', 'manual__2026-05-26T02:50:57.897486+00:00', '--job-id', '13', '--raw', '--subdir', 'DAGS_FOLDER/dags/fuel_daily_pipeline.py', '--cfg-path', '/tmp/tmp60i71e5x']
[2026-05-26T02:51:00.307+0000] {standard_task_runner.py:105} INFO - Job 13: Subtask load_raw
[2026-05-26T02:51:00.311+0000] {logging_mixin.py:190} WARNING - /home/***/.local/lib/python3.12/site-packages/***/task/task_runner/standard_task_runner.py:70 DeprecationWarning: This process (pid=606) is multi-threaded, use of fork() may lead to deadlocks in the child.
[2026-05-26T02:51:00.312+0000] {standard_task_runner.py:72} INFO - Started process 607 to run task
[2026-05-26T02:51:00.377+0000] {task_command.py:467} INFO - Running <TaskInstance: fuel_daily_pipeline.load_raw manual__2026-05-26T02:50:57.897486+00:00 [running]> on host 1948ac3c9957
[2026-05-26T02:51:00.497+0000] {taskinstance.py:3134} INFO - Exporting env vars: AIRFLOW_CTX_DAG_OWNER='data-team' AIRFLOW_CTX_DAG_ID='fuel_daily_pipeline' AIRFLOW_CTX_TASK_ID='load_raw' AIRFLOW_CTX_EXECUTION_DATE='2026-05-26T02:50:57.897486+00:00' AIRFLOW_CTX_TRY_NUMBER='1' AIRFLOW_CTX_DAG_RUN_ID='manual__2026-05-26T02:50:57.897486+00:00'
[2026-05-26T02:51:00.498+0000] {taskinstance.py:732} INFO - ::endgroup::
[2026-05-26T02:51:00.529+0000] {base.py:84} INFO - Retrieving connection 'fuelco_postgres'
[2026-05-26T02:51:00.539+0000] {sql.py:511} INFO - Running statement: 
        INSERT INTO raw.fuel_sales
            (station_id, sale_date, fuel_type, liters,
             unit_price, total_amount, operator, source_file)
        VALUES (%s,%s,%s,%s,%s,%s,%s,%s)
        ON CONFLICT (station_id, sale_date, fuel_type) DO NOTHING
    , parameters: ('ST001', '2026-05-26', 'AI95', '2698.17', '1.85', '4991.61', 'op_02', 'ST001_2026-05-26.csv')
[2026-05-26T02:51:00.541+0000] {sql.py:520} INFO - Rows affected: 0
[2026-05-26T02:51:00.550+0000] {sql.py:511} INFO - Running statement: 
        INSERT INTO raw.fuel_sales
            (station_id, sale_date, fuel_type, liters,
             unit_price, total_amount, operator, source_file)
        VALUES (%s,%s,%s,%s,%s,%s,%s,%s)
        ON CONFLICT (station_id, sale_date, fuel_type) DO NOTHING
    , parameters: ('ST001', '2026-05-26', 'AI98', '578.73', '2.2', '1273.21', 'op_04', 'ST001_2026-05-26.csv')
[2026-05-26T02:51:00.551+0000] {sql.py:520} INFO - Rows affected: 0
[2026-05-26T02:51:00.560+0000] {sql.py:511} INFO - Running statement: 
        INSERT INTO raw.fuel_sales
            (station_id, sale_date, fuel_type, liters,
             unit_price, total_amount, operator, source_file)
        VALUES (%s,%s,%s,%s,%s,%s,%s,%s)
        ON CONFLICT (station_id, sale_date, fuel_type) DO NOTHING
    , parameters: ('ST001', '2026-05-26', 'DIESEL', '2387.79', '2.1', '5014.36', 'op_04', 'ST001_2026-05-26.csv')
[2026-05-26T02:51:00.562+0000] {sql.py:520} INFO - Rows affected: 0
[2026-05-26T02:51:00.570+0000] {sql.py:511} INFO - Running statement: 
        INSERT INTO raw.fuel_sales
            (station_id, sale_date, fuel_type, liters,
             unit_price, total_amount, operator, source_file)
        VALUES (%s,%s,%s,%s,%s,%s,%s,%s)
        ON CONFLICT (station_id, sale_date, fuel_type) DO NOTHING
    , parameters: ('ST002', '2026-05-26', 'AI95', '518.79', '1.85', '959.76', 'op_04', 'ST002_2026-05-26.csv')
[2026-05-26T02:51:00.572+0000] {sql.py:520} INFO - Rows affected: 0
[2026-05-26T02:51:00.581+0000] {sql.py:511} INFO - Running statement: 
        INSERT INTO raw.fuel_sales
            (station_id, sale_date, fuel_type, liters,
             unit_price, total_amount, operator, source_file)
        VALUES (%s,%s,%s,%s,%s,%s,%s,%s)
        ON CONFLICT (station_id, sale_date, fuel_type) DO NOTHING
    , parameters: ('ST002', '2026-05-26', 'AI98', '1843.84', '2.2', '4056.45', 'op_01', 'ST002_2026-05-26.csv')
[2026-05-26T02:51:00.583+0000] {sql.py:520} INFO - Rows affected: 0
[2026-05-26T02:51:00.591+0000] {sql.py:511} INFO - Running statement: 
        INSERT INTO raw.fuel_sales
            (station_id, sale_date, fuel_type, liters,
             unit_price, total_amount, operator, source_file)
        VALUES (%s,%s,%s,%s,%s,%s,%s,%s)
        ON CONFLICT (station_id, sale_date, fuel_type) DO NOTHING
    , parameters: ('ST002', '2026-05-26', 'DIESEL', '569.43', '2.1', '1195.8', 'op_02', 'ST002_2026-05-26.csv')
[2026-05-26T02:51:00.593+0000] {sql.py:520} INFO - Rows affected: 0
[2026-05-26T02:51:00.600+0000] {sql.py:511} INFO - Running statement: 
        INSERT INTO raw.fuel_sales
            (station_id, sale_date, fuel_type, liters,
             unit_price, total_amount, operator, source_file)
        VALUES (%s,%s,%s,%s,%s,%s,%s,%s)
        ON CONFLICT (station_id, sale_date, fuel_type) DO NOTHING
    , parameters: ('ST003', '2026-05-26', 'AI95', '1094.38', '1.85', '2024.6', 'op_01', 'ST003_2026-05-26.csv')
[2026-05-26T02:51:00.602+0000] {sql.py:520} INFO - Rows affected: 0
[2026-05-26T02:51:00.611+0000] {sql.py:511} INFO - Running statement: 
        INSERT INTO raw.fuel_sales
            (station_id, sale_date, fuel_type, liters,
             unit_price, total_amount, operator, source_file)
        VALUES (%s,%s,%s,%s,%s,%s,%s,%s)
        ON CONFLICT (station_id, sale_date, fuel_type) DO NOTHING
    , parameters: ('ST003', '2026-05-26', 'AI98', '2050.99', '2.2', '4512.18', 'op_01', 'ST003_2026-05-26.csv')
[2026-05-26T02:51:00.613+0000] {sql.py:520} INFO - Rows affected: 0
[2026-05-26T02:51:00.623+0000] {sql.py:511} INFO - Running statement: 
        INSERT INTO raw.fuel_sales
            (station_id, sale_date, fuel_type, liters,
             unit_price, total_amount, operator, source_file)
        VALUES (%s,%s,%s,%s,%s,%s,%s,%s)
        ON CONFLICT (station_id, sale_date, fuel_type) DO NOTHING
    , parameters: ('ST003', '2026-05-26', 'DIESEL', '2514.16', '2.1', '5279.74', 'op_03', 'ST003_2026-05-26.csv')
[2026-05-26T02:51:00.626+0000] {sql.py:520} INFO - Rows affected: 0
[2026-05-26T02:51:00.636+0000] {sql.py:511} INFO - Running statement: 
        INSERT INTO raw.fuel_sales
            (station_id, sale_date, fuel_type, liters,
             unit_price, total_amount, operator, source_file)
        VALUES (%s,%s,%s,%s,%s,%s,%s,%s)
        ON CONFLICT (station_id, sale_date, fuel_type) DO NOTHING
    , parameters: ('ST004', '2026-05-26', 'AI95', '1389.92', '1.85', '2571.35', 'op_05', 'ST004_2026-05-26.csv')
[2026-05-26T02:51:00.638+0000] {sql.py:520} INFO - Rows affected: 0
[2026-05-26T02:51:00.648+0000] {sql.py:511} INFO - Running statement: 
        INSERT INTO raw.fuel_sales
            (station_id, sale_date, fuel_type, liters,
             unit_price, total_amount, operator, source_file)
        VALUES (%s,%s,%s,%s,%s,%s,%s,%s)
        ON CONFLICT (station_id, sale_date, fuel_type) DO NOTHING
    , parameters: ('ST004', '2026-05-26', 'AI98', '2377.24', '2.2', '5229.93', 'op_01', 'ST004_2026-05-26.csv')
[2026-05-26T02:51:00.649+0000] {sql.py:520} INFO - Rows affected: 0
[2026-05-26T02:51:00.657+0000] {sql.py:511} INFO - Running statement: 
        INSERT INTO raw.fuel_sales
            (station_id, sale_date, fuel_type, liters,
             unit_price, total_amount, operator, source_file)
        VALUES (%s,%s,%s,%s,%s,%s,%s,%s)
        ON CONFLICT (station_id, sale_date, fuel_type) DO NOTHING
    , parameters: ('ST004', '2026-05-26', 'DIESEL', '1655.66', '2.1', '3476.89', 'op_04', 'ST004_2026-05-26.csv')
[2026-05-26T02:51:00.659+0000] {sql.py:520} INFO - Rows affected: 0
[2026-05-26T02:51:00.667+0000] {sql.py:511} INFO - Running statement: 
        INSERT INTO raw.fuel_sales
            (station_id, sale_date, fuel_type, liters,
             unit_price, total_amount, operator, source_file)
        VALUES (%s,%s,%s,%s,%s,%s,%s,%s)
        ON CONFLICT (station_id, sale_date, fuel_type) DO NOTHING
    , parameters: ('ST005', '2026-05-26', 'AI95', '1227.18', '1.85', '2270.28', 'op_04', 'ST005_2026-05-26.csv')
[2026-05-26T02:51:00.669+0000] {sql.py:520} INFO - Rows affected: 0
[2026-05-26T02:51:00.680+0000] {sql.py:511} INFO - Running statement: 
        INSERT INTO raw.fuel_sales
            (station_id, sale_date, fuel_type, liters,
             unit_price, total_amount, operator, source_file)
        VALUES (%s,%s,%s,%s,%s,%s,%s,%s)
        ON CONFLICT (station_id, sale_date, fuel_type) DO NOTHING
    , parameters: ('ST005', '2026-05-26', 'AI98', '2214.21', '2.2', '4871.26', 'op_03', 'ST005_2026-05-26.csv')
[2026-05-26T02:51:00.681+0000] {sql.py:520} INFO - Rows affected: 0
[2026-05-26T02:51:00.693+0000] {sql.py:511} INFO - Running statement: 
        INSERT INTO raw.fuel_sales
            (station_id, sale_date, fuel_type, liters,
             unit_price, total_amount, operator, source_file)
        VALUES (%s,%s,%s,%s,%s,%s,%s,%s)
        ON CONFLICT (station_id, sale_date, fuel_type) DO NOTHING
    , parameters: ('ST005', '2026-05-26', 'DIESEL', '2475.49', '2.1', '5198.53', 'op_04', 'ST005_2026-05-26.csv')
[2026-05-26T02:51:00.695+0000] {sql.py:520} INFO - Rows affected: 0
[2026-05-26T02:51:00.696+0000] {fuel_daily_pipeline.py:45} INFO - Yuklendi: 15 setir
[2026-05-26T02:51:00.697+0000] {python.py:240} INFO - Done. Returned value was: None
[2026-05-26T02:51:00.717+0000] {taskinstance.py:341} INFO - ::group::Post task execution logs
[2026-05-26T02:51:00.717+0000] {taskinstance.py:353} INFO - Marking task as SUCCESS. dag_id=fuel_daily_pipeline, task_id=load_raw, run_id=manual__2026-05-26T02:50:57.897486+00:00, execution_date=20260526T025057, start_date=20260526T025100, end_date=20260526T025100
[2026-05-26T02:51:00.807+0000] {local_task_job_runner.py:266} INFO - Task exited with return code 0
[2026-05-26T02:51:00.854+0000] {taskinstance.py:3901} INFO - 1 downstream tasks scheduled from follow-on schedule check
[2026-05-26T02:51:00.856+0000] {local_task_job_runner.py:245} INFO - ::endgroup::
