[2026-05-26T02:42:22.053+0000] {local_task_job_runner.py:123} INFO - ::group::Pre task execution logs
[2026-05-26T02:42:22.082+0000] {taskinstance.py:2614} INFO - Dependencies all met for dep_context=non-requeueable deps ti=<TaskInstance: fuel_daily_pipeline.check_csv_files manual__2026-05-26T02:42:21.616807+00:00 [queued]>
[2026-05-26T02:42:22.098+0000] {taskinstance.py:2614} INFO - Dependencies all met for dep_context=requeueable deps ti=<TaskInstance: fuel_daily_pipeline.check_csv_files manual__2026-05-26T02:42:21.616807+00:00 [queued]>
[2026-05-26T02:42:22.099+0000] {taskinstance.py:2867} INFO - Starting attempt 1 of 3
[2026-05-26T02:42:22.124+0000] {taskinstance.py:2890} INFO - Executing <Task(ShortCircuitOperator): check_csv_files> on 2026-05-26 02:42:21.616807+00:00
[2026-05-26T02:42:22.139+0000] {standard_task_runner.py:104} INFO - Running: ['***', 'tasks', 'run', 'fuel_daily_pipeline', 'check_csv_files', 'manual__2026-05-26T02:42:21.616807+00:00', '--job-id', '5', '--raw', '--subdir', 'DAGS_FOLDER/dags/fuel_daily_pipeline.py', '--cfg-path', '/tmp/tmp4xsw6xlg']
[2026-05-26T02:42:22.142+0000] {standard_task_runner.py:105} INFO - Job 5: Subtask check_csv_files
[2026-05-26T02:42:22.145+0000] {logging_mixin.py:190} WARNING - /home/***/.local/lib/python3.12/site-packages/***/task/task_runner/standard_task_runner.py:70 DeprecationWarning: This process (pid=1222) is multi-threaded, use of fork() may lead to deadlocks in the child.
[2026-05-26T02:42:22.146+0000] {standard_task_runner.py:72} INFO - Started process 1223 to run task
[2026-05-26T02:42:22.217+0000] {task_command.py:467} INFO - Running <TaskInstance: fuel_daily_pipeline.check_csv_files manual__2026-05-26T02:42:21.616807+00:00 [running]> on host 9bed4197ef2c
[2026-05-26T02:42:22.349+0000] {taskinstance.py:3134} INFO - Exporting env vars: AIRFLOW_CTX_DAG_OWNER='data-team' AIRFLOW_CTX_DAG_ID='fuel_daily_pipeline' AIRFLOW_CTX_TASK_ID='check_csv_files' AIRFLOW_CTX_EXECUTION_DATE='2026-05-26T02:42:21.616807+00:00' AIRFLOW_CTX_TRY_NUMBER='1' AIRFLOW_CTX_DAG_RUN_ID='manual__2026-05-26T02:42:21.616807+00:00'
[2026-05-26T02:42:22.350+0000] {taskinstance.py:732} INFO - ::endgroup::
[2026-05-26T02:42:22.371+0000] {baseoperator.py:423} WARNING - ShortCircuitOperator.execute cannot be called outside TaskInstance!
[2026-05-26T02:42:22.372+0000] {fuel_daily_pipeline.py:17} WARNING - CSV tapilmadi: ['ST001', 'ST002', 'ST003', 'ST004', 'ST005']
[2026-05-26T02:42:22.372+0000] {python.py:240} INFO - Done. Returned value was: False
[2026-05-26T02:42:22.373+0000] {python.py:309} INFO - Condition result is False
[2026-05-26T02:42:22.374+0000] {python.py:336} INFO - Skipping downstream tasks
[2026-05-26T02:42:22.410+0000] {python.py:344} INFO - Done.
[2026-05-26T02:42:22.443+0000] {taskinstance.py:341} INFO - ::group::Post task execution logs
[2026-05-26T02:42:22.444+0000] {taskinstance.py:353} INFO - Marking task as SUCCESS. dag_id=fuel_daily_pipeline, task_id=check_csv_files, run_id=manual__2026-05-26T02:42:21.616807+00:00, execution_date=20260526T024221, start_date=20260526T024222, end_date=20260526T024222
[2026-05-26T02:42:22.521+0000] {local_task_job_runner.py:266} INFO - Task exited with return code 0
[2026-05-26T02:42:22.546+0000] {taskinstance.py:3901} INFO - 0 downstream tasks scheduled from follow-on schedule check
[2026-05-26T02:42:22.548+0000] {local_task_job_runner.py:245} INFO - ::endgroup::
