[2026-05-26T02:52:49.430+0000] {local_task_job_runner.py:123} INFO - ::group::Pre task execution logs
[2026-05-26T02:52:49.457+0000] {taskinstance.py:2614} INFO - Dependencies all met for dep_context=non-requeueable deps ti=<TaskInstance: fuel_daily_pipeline.check_csv_files manual__2026-05-26T02:52:48.096374+00:00 [queued]>
[2026-05-26T02:52:49.468+0000] {taskinstance.py:2614} INFO - Dependencies all met for dep_context=requeueable deps ti=<TaskInstance: fuel_daily_pipeline.check_csv_files manual__2026-05-26T02:52:48.096374+00:00 [queued]>
[2026-05-26T02:52:49.469+0000] {taskinstance.py:2867} INFO - Starting attempt 1 of 3
[2026-05-26T02:52:49.486+0000] {taskinstance.py:2890} INFO - Executing <Task(ShortCircuitOperator): check_csv_files> on 2026-05-26 02:52:48.096374+00:00
[2026-05-26T02:52:49.501+0000] {standard_task_runner.py:104} INFO - Running: ['***', 'tasks', 'run', 'fuel_daily_pipeline', 'check_csv_files', 'manual__2026-05-26T02:52:48.096374+00:00', '--job-id', '16', '--raw', '--subdir', 'DAGS_FOLDER/dags/fuel_daily_pipeline.py', '--cfg-path', '/tmp/tmpiri08rn7']
[2026-05-26T02:52:49.503+0000] {standard_task_runner.py:105} INFO - Job 16: Subtask check_csv_files
[2026-05-26T02:52:49.507+0000] {logging_mixin.py:190} WARNING - /home/***/.local/lib/python3.12/site-packages/***/task/task_runner/standard_task_runner.py:70 DeprecationWarning: This process (pid=738) is multi-threaded, use of fork() may lead to deadlocks in the child.
[2026-05-26T02:52:49.507+0000] {standard_task_runner.py:72} INFO - Started process 739 to run task
[2026-05-26T02:52:49.571+0000] {task_command.py:467} INFO - Running <TaskInstance: fuel_daily_pipeline.check_csv_files manual__2026-05-26T02:52:48.096374+00:00 [running]> on host 1948ac3c9957
[2026-05-26T02:52:49.695+0000] {taskinstance.py:3134} INFO - Exporting env vars: AIRFLOW_CTX_DAG_OWNER='data-team' AIRFLOW_CTX_DAG_ID='fuel_daily_pipeline' AIRFLOW_CTX_TASK_ID='check_csv_files' AIRFLOW_CTX_EXECUTION_DATE='2026-05-26T02:52:48.096374+00:00' AIRFLOW_CTX_TRY_NUMBER='1' AIRFLOW_CTX_DAG_RUN_ID='manual__2026-05-26T02:52:48.096374+00:00'
[2026-05-26T02:52:49.696+0000] {taskinstance.py:732} INFO - ::endgroup::
[2026-05-26T02:52:49.712+0000] {baseoperator.py:423} WARNING - ShortCircuitOperator.execute cannot be called outside TaskInstance!
[2026-05-26T02:52:49.712+0000] {fuel_daily_pipeline.py:19} INFO - Butun CSV-ler movcuddur
[2026-05-26T02:52:49.713+0000] {python.py:240} INFO - Done. Returned value was: True
[2026-05-26T02:52:49.713+0000] {python.py:309} INFO - Condition result is True
[2026-05-26T02:52:49.713+0000] {python.py:312} INFO - Proceeding with downstream tasks...
[2026-05-26T02:52:49.745+0000] {taskinstance.py:341} INFO - ::group::Post task execution logs
[2026-05-26T02:52:49.745+0000] {taskinstance.py:353} INFO - Marking task as SUCCESS. dag_id=fuel_daily_pipeline, task_id=check_csv_files, run_id=manual__2026-05-26T02:52:48.096374+00:00, execution_date=20260526T025248, start_date=20260526T025249, end_date=20260526T025249
[2026-05-26T02:52:49.803+0000] {local_task_job_runner.py:266} INFO - Task exited with return code 0
[2026-05-26T02:52:49.877+0000] {taskinstance.py:3901} INFO - 1 downstream tasks scheduled from follow-on schedule check
[2026-05-26T02:52:49.879+0000] {local_task_job_runner.py:245} INFO - ::endgroup::
