[2026-05-26T02:40:35.347+0000] {local_task_job_runner.py:123} INFO - ::group::Pre task execution logs
[2026-05-26T02:40:35.386+0000] {taskinstance.py:2614} INFO - Dependencies all met for dep_context=non-requeueable deps ti=<TaskInstance: fuel_daily_pipeline.check_csv_files manual__2026-05-26T02:40:34.197469+00:00 [queued]>
[2026-05-26T02:40:35.402+0000] {taskinstance.py:2614} INFO - Dependencies all met for dep_context=requeueable deps ti=<TaskInstance: fuel_daily_pipeline.check_csv_files manual__2026-05-26T02:40:34.197469+00:00 [queued]>
[2026-05-26T02:40:35.403+0000] {taskinstance.py:2867} INFO - Starting attempt 1 of 3
[2026-05-26T02:40:35.422+0000] {taskinstance.py:2890} INFO - Executing <Task(ShortCircuitOperator): check_csv_files> on 2026-05-26 02:40:34.197469+00:00
[2026-05-26T02:40:35.437+0000] {standard_task_runner.py:104} INFO - Running: ['***', 'tasks', 'run', 'fuel_daily_pipeline', 'check_csv_files', 'manual__2026-05-26T02:40:34.197469+00:00', '--job-id', '4', '--raw', '--subdir', 'DAGS_FOLDER/dags/fuel_daily_pipeline.py', '--cfg-path', '/tmp/tmp7kt5zwyc']
[2026-05-26T02:40:35.440+0000] {standard_task_runner.py:105} INFO - Job 4: Subtask check_csv_files
[2026-05-26T02:40:35.444+0000] {logging_mixin.py:190} WARNING - /home/***/.local/lib/python3.12/site-packages/***/task/task_runner/standard_task_runner.py:70 DeprecationWarning: This process (pid=1101) is multi-threaded, use of fork() may lead to deadlocks in the child.
[2026-05-26T02:40:35.445+0000] {standard_task_runner.py:72} INFO - Started process 1102 to run task
[2026-05-26T02:40:35.513+0000] {task_command.py:467} INFO - Running <TaskInstance: fuel_daily_pipeline.check_csv_files manual__2026-05-26T02:40:34.197469+00:00 [running]> on host 9bed4197ef2c
[2026-05-26T02:40:35.658+0000] {taskinstance.py:3134} INFO - Exporting env vars: AIRFLOW_CTX_DAG_OWNER='data-team' AIRFLOW_CTX_DAG_ID='fuel_daily_pipeline' AIRFLOW_CTX_TASK_ID='check_csv_files' AIRFLOW_CTX_EXECUTION_DATE='2026-05-26T02:40:34.197469+00:00' AIRFLOW_CTX_TRY_NUMBER='1' AIRFLOW_CTX_DAG_RUN_ID='manual__2026-05-26T02:40:34.197469+00:00'
[2026-05-26T02:40:35.659+0000] {taskinstance.py:732} INFO - ::endgroup::
[2026-05-26T02:40:35.702+0000] {baseoperator.py:423} WARNING - ShortCircuitOperator.execute cannot be called outside TaskInstance!
[2026-05-26T02:40:35.703+0000] {fuel_daily_pipeline.py:17} WARNING - CSV tapilmadi: ['ST001', 'ST002', 'ST003', 'ST004', 'ST005']
[2026-05-26T02:40:35.704+0000] {python.py:240} INFO - Done. Returned value was: False
[2026-05-26T02:40:35.704+0000] {python.py:309} INFO - Condition result is False
[2026-05-26T02:40:35.704+0000] {python.py:336} INFO - Skipping downstream tasks
[2026-05-26T02:40:35.738+0000] {python.py:344} INFO - Done.
[2026-05-26T02:40:35.767+0000] {taskinstance.py:341} INFO - ::group::Post task execution logs
[2026-05-26T02:40:35.767+0000] {taskinstance.py:353} INFO - Marking task as SUCCESS. dag_id=fuel_daily_pipeline, task_id=check_csv_files, run_id=manual__2026-05-26T02:40:34.197469+00:00, execution_date=20260526T024034, start_date=20260526T024035, end_date=20260526T024035
[2026-05-26T02:40:35.821+0000] {local_task_job_runner.py:266} INFO - Task exited with return code 0
[2026-05-26T02:40:35.863+0000] {taskinstance.py:3901} INFO - 0 downstream tasks scheduled from follow-on schedule check
[2026-05-26T02:40:35.865+0000] {local_task_job_runner.py:245} INFO - ::endgroup::
